<?xml version="1.0" encoding="UTF-8"?>
<!-- Generated by org.testng.reporters.JUnitReportReporter -->
<testsuite skipped="0" hostname="HCM-CA-00014" name="runner.TestRunner" tests="1" failures="0" timestamp="27 Feb 2018 07:02:48 GMT" time="31.979" errors="0">
  <testcase name="feature" time="31.979" classname="runner.TestRunner"/>
</testsuite> <!-- runner.TestRunner -->
